<?xml version="1.0" encoding="UTF-8"?>
<testsuite xmlns:xsi="http://www.w3.org/2001/XMLSchema-instance" xsi:noNamespaceSchemaLocation="https://maven.apache.org/surefire/maven-surefire-plugin/xsd/surefire-test-report.xsd" version="3.0.1" name="com.sqe.search.BinarySearchTest" time="0.098" tests="4" errors="0" skipped="0" failures="0">
  <properties>
[...]
</properties>
  <testcase name="testNotFound" classname="com.sqe.search.BinarySearchTest" time="0.05"/>
  <testcase name="testSingleElement" classname="com.sqe.search.BinarySearchTest" time="0.001"/>
  <testcase name="testEmptyArray" classname="com.sqe.search.BinarySearchTest" time="0.001"/>
  <testcase name="testFoundMiddle" classname="com.sqe.search.BinarySearchTest" time="0.001"/>
</testsuite>